#
# There is insufficient memory for the Java Runtime Environment to continue.
# Native memory allocation (malloc) failed to allocate 1925456 bytes for Chunk::new
# Possible reasons:
#   The system is out of physical RAM or swap space
#   The process is running with CompressedOops enabled, and the Java Heap may be blocking the growth of the native heap
# Possible solutions:
#   Reduce memory load on the system
#   Increase physical memory or swap space
#   Check if swap backing store is full
#   Decrease Java heap size (-Xmx/-Xms)
#   Decrease number of Java threads
#   Decrease Java thread stack sizes (-Xss)
#   Set larger code cache with -XX:ReservedCodeCacheSize=
#   JVM is running with Unscaled Compressed Oops mode in which the Java heap is
#     placed in the first 4GB address space. The Java Heap base address is the
#     maximum limit for the native heap growth. Please use -XX:HeapBaseMinAddress
#     to set the Java Heap base and to place the Java Heap above 4GB virtual address.
# This output file may be truncated or incomplete.
#
#  Out of Memory Error (./src/hotspot/share/memory/arena.cpp:197), pid=14596, tid=21932
#
# JRE version: OpenJDK Runtime Environment (11.0.10) (build 11.0.10+0-b96-7249189)
# Java VM: OpenJDK 64-Bit Server VM (11.0.10+0-b96-7249189, mixed mode, tiered, compressed oops, g1 gc, windows-amd64)
# No core dump will be written. Minidumps are not enabled by default on client versions of Windows
#

---------------  S U M M A R Y ------------

Command Line: --add-opens=java.base/java.util=ALL-UNNAMED --add-opens=java.base/java.lang=ALL-UNNAMED --add-opens=java.base/java.lang.invoke=ALL-UNNAMED --add-opens=java.base/java.util=ALL-UNNAMED --add-opens=java.prefs/java.util.prefs=ALL-UNNAMED --add-opens=java.prefs/java.util.prefs=ALL-UNNAMED --add-opens=java.base/java.nio.charset=ALL-UNNAMED --add-opens=java.base/java.net=ALL-UNNAMED --add-opens=java.base/java.util.concurrent.atomic=ALL-UNNAMED -Xmx2048m -Dfile.encoding=UTF-8 -Duser.country=US -Duser.language=en -Duser.variant org.gradle.launcher.daemon.bootstrap.GradleDaemon 7.0.2

Host: Intel(R) Core(TM) i3-5005U CPU @ 2.00GHz, 4 cores, 11G,  Windows 10 , 64 bit Build 18362 (10.0.18362.1110)
Time: Wed Jul  6 19:01:01 2022 E. Africa Standard Time elapsed time: 60.856688 seconds (0d 0h 1m 0s)

---------------  T H R E A D  ---------------

Current thread (0x000002808a24a000):  JavaThread "C2 CompilerThread1" daemon [_thread_in_native, id=21932, stack(0x000000c638800000,0x000000c638900000)]


Current CompileTask:
C2:  60856 15401       4       com.android.tools.r8.internal.T6::a (6044 bytes)

Stack: [0x000000c638800000,0x000000c638900000]
Native frames: (J=compiled Java code, j=interpreted, Vv=VM code, C=native code)
V  [jvm.dll+0x5ecfaa]
V  [jvm.dll+0x722bd5]
V  [jvm.dll+0x72412d]
V  [jvm.dll+0x7247e3]
V  [jvm.dll+0x242928]
V  [jvm.dll+0xbc4fc]
V  [jvm.dll+0xbca0c]
V  [jvm.dll+0x352d3b]
V  [jvm.dll+0x320ad3]
V  [jvm.dll+0x31ffca]
V  [jvm.dll+0x1fb602]
V  [jvm.dll+0x1fa7f4]
V  [jvm.dll+0x18354c]
V  [jvm.dll+0x208ee7]
V  [jvm.dll+0x207731]
V  [jvm.dll+0x6eb1cf]
V  [jvm.dll+0x6e3d45]
V  [jvm.dll+0x5ebe96]
C  [ucrtbase.dll+0x210b2]
C  [KERNEL32.DLL+0x17c24]
C  [ntdll.dll+0x6d4d1]


---------------  P R O C E S S  ---------------

Threads class SMR info:
_java_thread_list=0x00000280887e22d0, length=55, elements={
0x00000280e6a4f000, 0x00000280fee60800, 0x00000280fee6b800, 0x00000280feebe800,
0x00000280feec2000, 0x00000280feec6000, 0x00000280feec7000, 0x00000280feecf800,
0x00000280feed3000, 0x00000280ff025800, 0x0000028082c29800, 0x00000280839ed000,
0x0000028083972000, 0x000002808433c800, 0x0000028084335800, 0x0000028083f63800,
0x0000028083f68800, 0x000002808361a000, 0x0000028082414800, 0x0000028083147800,
0x0000028083145800, 0x0000028083146800, 0x000002808314a800, 0x000002808314a000,
0x0000028083145000, 0x0000028083148000, 0x000002808314b800, 0x0000028083149000,
0x0000028083e0c800, 0x0000028083e0d000, 0x0000028083e0f000, 0x0000028083e0a000,
0x0000028083e09000, 0x0000028083e13800, 0x0000028083e12000, 0x0000028083e15800,
0x0000028083e17000, 0x0000028083e16000, 0x0000028083e18000, 0x0000028083620000,
0x0000028083621800, 0x0000028083626800, 0x0000028083624800, 0x0000028083625800,
0x0000028083620800, 0x0000028083629000, 0x000002808362b000, 0x000002808362a800,
0x000002808362d000, 0x000002808362c000, 0x0000028083629800, 0x0000028083627000,
0x000002808362e800, 0x000002808a248000, 0x000002808a24a000
}

Java Threads: ( => current thread )
  0x00000280e6a4f000 JavaThread "main" [_thread_blocked, id=19416, stack(0x000000c635600000,0x000000c635700000)]
  0x00000280fee60800 JavaThread "Reference Handler" daemon [_thread_blocked, id=22344, stack(0x000000c635d00000,0x000000c635e00000)]
  0x00000280fee6b800 JavaThread "Finalizer" daemon [_thread_blocked, id=11684, stack(0x000000c635e00000,0x000000c635f00000)]
  0x00000280feebe800 JavaThread "Signal Dispatcher" daemon [_thread_blocked, id=13784, stack(0x000000c635f00000,0x000000c636000000)]
  0x00000280feec2000 JavaThread "Attach Listener" daemon [_thread_blocked, id=19148, stack(0x000000c636000000,0x000000c636100000)]
  0x00000280feec6000 JavaThread "Service Thread" daemon [_thread_blocked, id=8432, stack(0x000000c636100000,0x000000c636200000)]
  0x00000280feec7000 JavaThread "C2 CompilerThread0" daemon [_thread_in_native, id=21576, stack(0x000000c636200000,0x000000c636300000)]
  0x00000280feecf800 JavaThread "C1 CompilerThread0" daemon [_thread_blocked, id=21872, stack(0x000000c636300000,0x000000c636400000)]
  0x00000280feed3000 JavaThread "Sweeper thread" daemon [_thread_blocked, id=14736, stack(0x000000c636400000,0x000000c636500000)]
  0x00000280ff025800 JavaThread "Common-Cleaner" daemon [_thread_blocked, id=19716, stack(0x000000c636500000,0x000000c636600000)]
  0x0000028082c29800 JavaThread "Daemon health stats" [_thread_blocked, id=14344, stack(0x000000c636b00000,0x000000c636c00000)]
  0x00000280839ed000 JavaThread "Incoming local TCP Connector on port 55477" [_thread_in_native, id=20880, stack(0x000000c636700000,0x000000c636800000)]
  0x0000028083972000 JavaThread "Daemon periodic checks" [_thread_blocked, id=16672, stack(0x000000c636c00000,0x000000c636d00000)]
  0x000002808433c800 JavaThread "Daemon" [_thread_blocked, id=3720, stack(0x000000c636d00000,0x000000c636e00000)]
  0x0000028084335800 JavaThread "Handler for socket connection from /127.0.0.1:55477 to /127.0.0.1:55478" [_thread_in_native, id=4036, stack(0x000000c636e00000,0x000000c636f00000)]
  0x0000028083f63800 JavaThread "Cancel handler" [_thread_blocked, id=17280, stack(0x000000c636f00000,0x000000c637000000)]
  0x0000028083f68800 JavaThread "Daemon worker" [_thread_blocked, id=15688, stack(0x000000c637000000,0x000000c637100000)]
  0x000002808361a000 JavaThread "Asynchronous log dispatcher for DefaultDaemonConnection: socket connection from /127.0.0.1:55477 to /127.0.0.1:55478" [_thread_blocked, id=17104, stack(0x000000c637100000,0x000000c637200000)]
  0x0000028082414800 JavaThread "Stdin handler" [_thread_blocked, id=16088, stack(0x000000c637200000,0x000000c637300000)]
  0x0000028083147800 JavaThread "Daemon client event forwarder" [_thread_blocked, id=21188, stack(0x000000c637300000,0x000000c637400000)]
  0x0000028083145800 JavaThread "Cache worker for file hash cache (C:\Users\Francis pc\.gradle\caches\7.0.2\fileHashes)" [_thread_blocked, id=16428, stack(0x000000c637400000,0x000000c637500000)]
  0x0000028083146800 JavaThread "File lock request listener" [_thread_in_native, id=21028, stack(0x000000c637500000,0x000000c637600000)]
  0x000002808314a800 JavaThread "Cache worker for journal cache (C:\Users\Francis pc\.gradle\caches\journal-1)" [_thread_blocked, id=22128, stack(0x000000c637600000,0x000000c637700000)]
  0x000002808314a000 JavaThread "Cache worker for file hash cache (E:\Mark\Work\Projects\Trivia\.gradle\7.0.2\fileHashes)" [_thread_blocked, id=16304, stack(0x000000c637800000,0x000000c637900000)]
  0x0000028083145000 JavaThread "File watcher server" daemon [_thread_in_native, id=16872, stack(0x000000c637900000,0x000000c637a00000)]
  0x0000028083148000 JavaThread "File watcher consumer" daemon [_thread_blocked, id=11164, stack(0x000000c637a00000,0x000000c637b00000)]
  0x000002808314b800 JavaThread "Cache worker for checksums cache (E:\Mark\Work\Projects\Trivia\.gradle\checksums)" [_thread_blocked, id=21136, stack(0x000000c637b00000,0x000000c637c00000)]
  0x0000028083149000 JavaThread "Cache worker for cache directory md-supplier (C:\Users\Francis pc\.gradle\caches\7.0.2\md-supplier)" [_thread_blocked, id=14816, stack(0x000000c637700000,0x000000c637800000)]
  0x0000028083e0c800 JavaThread "Cache worker for cache directory md-rule (C:\Users\Francis pc\.gradle\caches\7.0.2\md-rule)" [_thread_blocked, id=22252, stack(0x000000c637d00000,0x000000c637e00000)]
  0x0000028083e0d000 JavaThread "Cache worker for execution history cache (C:\Users\Francis pc\.gradle\caches\7.0.2\executionHistory)" [_thread_blocked, id=19232, stack(0x000000c637e00000,0x000000c637f00000)]
  0x0000028083e0f000 JavaThread "jar transforms" [_thread_blocked, id=21908, stack(0x000000c637f00000,0x000000c638000000)]
  0x0000028083e0a000 JavaThread "jar transforms Thread 2" [_thread_blocked, id=11796, stack(0x000000c638000000,0x000000c638100000)]
  0x0000028083e09000 JavaThread "Cache worker for file content cache (C:\Users\Francis pc\.gradle\caches\7.0.2\fileContent)" [_thread_blocked, id=7540, stack(0x000000c638100000,0x000000c638200000)]
  0x0000028083e13800 JavaThread "Cache worker for dependencies-accessors (E:\Mark\Work\Projects\Trivia\.gradle\7.0.2\dependencies-accessors)" [_thread_blocked, id=18440, stack(0x000000c638200000,0x000000c638300000)]
  0x0000028083e12000 JavaThread "jar transforms Thread 3" [_thread_blocked, id=10424, stack(0x000000c638300000,0x000000c638400000)]
  0x0000028083e15800 JavaThread "Cache worker for Build Output Cleanup Cache (E:\Mark\Work\Projects\Trivia\.gradle\buildOutputCleanup)" [_thread_blocked, id=21116, stack(0x000000c638400000,0x000000c638500000)]
  0x0000028083e17000 JavaThread "Build operations" [_thread_in_Java, id=16476, stack(0x000000c637c00000,0x000000c637d00000)]
  0x0000028083e16000 JavaThread "Build operations Thread 2" [_thread_blocked, id=13728, stack(0x000000c638500000,0x000000c638600000)]
  0x0000028083e18000 JavaThread "Build operations Thread 3" [_thread_blocked, id=7724, stack(0x000000c638600000,0x000000c638700000)]
  0x0000028083620000 JavaThread "Build operations Thread 4" [_thread_in_Java, id=14564, stack(0x000000c638700000,0x000000c638800000)]
  0x0000028083621800 JavaThread "jar transforms Thread 4" [_thread_blocked, id=22204, stack(0x000000c638900000,0x000000c638a00000)]
  0x0000028083626800 JavaThread "Memory manager" [_thread_blocked, id=5536, stack(0x000000c638c00000,0x000000c638d00000)]
  0x0000028083624800 JavaThread "build event listener" [_thread_blocked, id=19536, stack(0x000000c638d00000,0x000000c638e00000)]
  0x0000028083625800 JavaThread "pool-3-thread-1" [_thread_blocked, id=20284, stack(0x000000c639000000,0x000000c639100000)]
  0x0000028083620800 JavaThread "build event listener" [_thread_blocked, id=19020, stack(0x000000c639100000,0x000000c639200000)]
  0x0000028083629000 JavaThread "Execution worker for ':'" [_thread_blocked, id=14356, stack(0x000000c639200000,0x000000c639300000)]
  0x000002808362b000 JavaThread "Execution worker for ':' Thread 2" [_thread_blocked, id=22060, stack(0x000000c639300000,0x000000c639400000)]
  0x000002808362a800 JavaThread "Execution worker for ':' Thread 3" [_thread_blocked, id=19144, stack(0x000000c639400000,0x000000c639500000)]
  0x000002808362d000 JavaThread "Cache worker for execution history cache (E:\Mark\Work\Projects\Trivia\.gradle\7.0.2\executionHistory)" [_thread_blocked, id=21804, stack(0x000000c639500000,0x000000c639600000)]
  0x000002808362c000 JavaThread "WorkerExecutor Queue" [_thread_blocked, id=21072, stack(0x000000c639700000,0x000000c639800000)]
  0x0000028083629800 JavaThread "WorkerExecutor Queue Thread 2" [_thread_blocked, id=2772, stack(0x000000c639800000,0x000000c639900000)]
  0x0000028083627000 JavaThread "WorkerExecutor Queue Thread 3" [_thread_blocked, id=21048, stack(0x000000c639900000,0x000000c639a00000)]
  0x000002808362e800 JavaThread "WorkerExecutor Queue Thread 4" [_thread_blocked, id=17788, stack(0x000000c639a00000,0x000000c639b00000)]
  0x000002808a248000 JavaThread "Java2D Disposer" daemon [_thread_blocked, id=20364, stack(0x000000c639b00000,0x000000c639c00000)]
=>0x000002808a24a000 JavaThread "C2 CompilerThread1" daemon [_thread_in_native, id=21932, stack(0x000000c638800000,0x000000c638900000)]

Other Threads:
  0x00000280fe652000 VMThread "VM Thread" [stack: 0x000000c635c00000,0x000000c635d00000] [id=21636]
  0x00000280ff036800 WatcherThread [stack: 0x000000c636600000,0x000000c636700000] [id=18664]
  0x00000280e6a66000 GCTaskThread "GC Thread#0" [stack: 0x000000c635700000,0x000000c635800000] [id=21968]
  0x000002808216e800 GCTaskThread "GC Thread#1" [stack: 0x000000c636800000,0x000000c636900000] [id=5724]
  0x00000280ff7c6800 GCTaskThread "GC Thread#2" [stack: 0x000000c636900000,0x000000c636a00000] [id=18892]
  0x00000280ff49b000 GCTaskThread "GC Thread#3" [stack: 0x000000c636a00000,0x000000c636b00000] [id=19652]
  0x00000280e6a98000 ConcurrentGCThread "G1 Main Marker" [stack: 0x000000c635800000,0x000000c635900000] [id=18800]
  0x00000280e6a99000 ConcurrentGCThread "G1 Conc#0" [stack: 0x000000c635900000,0x000000c635a00000] [id=3448]
  0x00000280e6b1e000 ConcurrentGCThread "G1 Refine#0" [stack: 0x000000c635a00000,0x000000c635b00000] [id=7372]
  0x00000280848bc800 ConcurrentGCThread "G1 Refine#1" [stack: 0x000000c638a00000,0x000000c638b00000] [id=22140]
  0x00000280848b9800 ConcurrentGCThread "G1 Refine#2" [stack: 0x000000c638b00000,0x000000c638c00000] [id=12812]
  0x00000280848b8800 ConcurrentGCThread "G1 Refine#3" [stack: 0x000000c639600000,0x000000c639700000] [id=18008]
  0x00000280fe4a0800 ConcurrentGCThread "G1 Young RemSet Sampling" [stack: 0x000000c635b00000,0x000000c635c00000] [id=20776]

Threads with active compile tasks:
C2 CompilerThread0  61049 15620       4       com.android.tools.r8.internal.Nf::b (226 bytes)
C1 CompilerThread0  61049 15663       3       java.util.HashMap$EntrySet::spliterator (16 bytes)
C2 CompilerThread1  61049 15401       4       com.android.tools.r8.internal.T6::a (6044 bytes)

VM state:not at safepoint (normal execution)

VM Mutex/Monitor currently owned by a thread: None

Heap address: 0x0000000080000000, size: 2048 MB, Compressed Oops mode: 32-bit
Narrow klass base: 0x0000000000000000, Narrow klass shift: 3
Compressed class space size: 1073741824 Address: 0x0000000100000000

Heap:
 garbage-first heap   total 196608K, used 157083K [0x0000000080000000, 0x0000000100000000)
  region size 1024K, 43 young (44032K), 5 survivors (5120K)
 Metaspace       used 106376K, capacity 108983K, committed 109092K, reserved 1144832K
  class space    used 13322K, capacity 14269K, committed 14336K, reserved 1048576K
Heap Regions: E=young(eden), S=young(survivor), O=old, HS=humongous(starts), HC=humongous(continues), CS=collection set, F=free, A=archive, TAMS=top-at-mark-start (previous, next)
|   0|0x0000000080000000, 0x0000000080100000, 0x0000000080100000|100%| O|  |TAMS 0x0000000080100000, 0x0000000080000000| Untracked 
|   1|0x0000000080100000, 0x0000000080200000, 0x0000000080200000|100%| O|  |TAMS 0x0000000080200000, 0x0000000080100000| Untracked 
|   2|0x0000000080200000, 0x0000000080300000, 0x0000000080300000|100%| O|  |TAMS 0x0000000080300000, 0x0000000080200000| Untracked 
|   3|0x0000000080300000, 0x0000000080400000, 0x0000000080400000|100%|HS|  |TAMS 0x0000000080400000, 0x0000000080300000| Complete 
|   4|0x0000000080400000, 0x0000000080500000, 0x0000000080500000|100%|HC|  |TAMS 0x0000000080500000, 0x0000000080400000| Complete 
|   5|0x0000000080500000, 0x0000000080600000, 0x0000000080600000|100%|HC|  |TAMS 0x0000000080600000, 0x0000000080500000| Complete 
|   6|0x0000000080600000, 0x0000000080700000, 0x0000000080700000|100%| O|  |TAMS 0x0000000080700000, 0x0000000080600000| Untracked 
|   7|0x0000000080700000, 0x0000000080800000, 0x0000000080800000|100%| O|  |TAMS 0x0000000080800000, 0x0000000080700000| Untracked 
|   8|0x0000000080800000, 0x0000000080900000, 0x0000000080900000|100%| O|  |TAMS 0x0000000080900000, 0x0000000080800000| Untracked 
|   9|0x0000000080900000, 0x0000000080a00000, 0x0000000080a00000|100%| O|  |TAMS 0x0000000080a00000, 0x0000000080900000| Untracked 
|  10|0x0000000080a00000, 0x0000000080b00000, 0x0000000080b00000|100%| O|  |TAMS 0x0000000080b00000, 0x0000000080a00000| Untracked 
|  11|0x0000000080b00000, 0x0000000080c00000, 0x0000000080c00000|100%| O|  |TAMS 0x0000000080c00000, 0x0000000080b00000| Untracked 
|  12|0x0000000080c00000, 0x0000000080d00000, 0x0000000080d00000|100%| O|  |TAMS 0x0000000080d00000, 0x0000000080c00000| Untracked 
|  13|0x0000000080d00000, 0x0000000080e00000, 0x0000000080e00000|100%| O|  |TAMS 0x0000000080e00000, 0x0000000080d00000| Untracked 
|  14|0x0000000080e00000, 0x0000000080f00000, 0x0000000080f00000|100%| O|  |TAMS 0x0000000080f00000, 0x0000000080e00000| Untracked 
|  15|0x0000000080f00000, 0x0000000081000000, 0x0000000081000000|100%| O|  |TAMS 0x0000000081000000, 0x0000000080f00000| Untracked 
|  16|0x0000000081000000, 0x0000000081100000, 0x0000000081100000|100%| O|  |TAMS 0x0000000081100000, 0x0000000081000000| Untracked 
|  17|0x0000000081100000, 0x0000000081200000, 0x0000000081200000|100%|HS|  |TAMS 0x0000000081200000, 0x0000000081100000| Complete 
|  18|0x0000000081200000, 0x0000000081300000, 0x0000000081300000|100%|HS|  |TAMS 0x0000000081300000, 0x0000000081200000| Complete 
|  19|0x0000000081300000, 0x0000000081400000, 0x0000000081400000|100%|HS|  |TAMS 0x0000000081400000, 0x0000000081300000| Complete 
|  20|0x0000000081400000, 0x0000000081500000, 0x0000000081500000|100%|HS|  |TAMS 0x0000000081500000, 0x0000000081400000| Complete 
|  21|0x0000000081500000, 0x0000000081600000, 0x0000000081600000|100%|HC|  |TAMS 0x0000000081600000, 0x0000000081500000| Complete 
|  22|0x0000000081600000, 0x0000000081700000, 0x0000000081700000|100%|HC|  |TAMS 0x0000000081700000, 0x0000000081600000| Complete 
|  23|0x0000000081700000, 0x0000000081800000, 0x0000000081800000|100%|HS|  |TAMS 0x0000000081800000, 0x0000000081700000| Complete 
|  24|0x0000000081800000, 0x0000000081900000, 0x0000000081900000|100%|HC|  |TAMS 0x0000000081900000, 0x0000000081800000| Complete 
|  25|0x0000000081900000, 0x0000000081a00000, 0x0000000081a00000|100%| O|  |TAMS 0x0000000081a00000, 0x0000000081900000| Untracked 
|  26|0x0000000081a00000, 0x0000000081b00000, 0x0000000081b00000|100%| O|  |TAMS 0x0000000081b00000, 0x0000000081a00000| Untracked 
|  27|0x0000000081b00000, 0x0000000081c00000, 0x0000000081c00000|100%| O|  |TAMS 0x0000000081c00000, 0x0000000081b00000| Untracked 
|  28|0x0000000081c00000, 0x0000000081d00000, 0x0000000081d00000|100%| O|  |TAMS 0x0000000081d00000, 0x0000000081c00000| Untracked 
|  29|0x0000000081d00000, 0x0000000081e00000, 0x0000000081e00000|100%| O|  |TAMS 0x0000000081e00000, 0x0000000081d00000| Untracked 
|  30|0x0000000081e00000, 0x0000000081f00000, 0x0000000081f00000|100%| O|  |TAMS 0x0000000081f00000, 0x0000000081e00000| Untracked 
|  31|0x0000000081f00000, 0x0000000082000000, 0x0000000082000000|100%| O|  |TAMS 0x0000000082000000, 0x0000000081f00000| Untracked 
|  32|0x0000000082000000, 0x0000000082100000, 0x0000000082100000|100%| O|  |TAMS 0x0000000082100000, 0x0000000082000000| Untracked 
|  33|0x0000000082100000, 0x0000000082200000, 0x0000000082200000|100%| O|  |TAMS 0x0000000082200000, 0x0000000082100000| Untracked 
|  34|0x0000000082200000, 0x0000000082300000, 0x0000000082300000|100%| O|  |TAMS 0x0000000082300000, 0x0000000082200000| Untracked 
|  35|0x0000000082300000, 0x0000000082400000, 0x0000000082400000|100%| O|  |TAMS 0x0000000082400000, 0x0000000082300000| Untracked 
|  36|0x0000000082400000, 0x0000000082500000, 0x0000000082500000|100%| O|  |TAMS 0x0000000082500000, 0x0000000082400000| Untracked 
|  37|0x0000000082500000, 0x0000000082600000, 0x0000000082600000|100%| O|  |TAMS 0x0000000082600000, 0x0000000082500000| Complete 
|  38|0x0000000082600000, 0x0000000082700000, 0x0000000082700000|100%| O|  |TAMS 0x0000000082700000, 0x0000000082600000| Untracked 
|  39|0x0000000082700000, 0x0000000082800000, 0x0000000082800000|100%| O|  |TAMS 0x0000000082800000, 0x0000000082700000| Untracked 
|  40|0x0000000082800000, 0x0000000082900000, 0x0000000082900000|100%| O|  |TAMS 0x0000000082900000, 0x0000000082800000| Untracked 
|  41|0x0000000082900000, 0x0000000082a00000, 0x0000000082a00000|100%| O|  |TAMS 0x0000000082a00000, 0x0000000082900000| Untracked 
|  42|0x0000000082a00000, 0x0000000082b00000, 0x0000000082b00000|100%| O|  |TAMS 0x0000000082b00000, 0x0000000082a00000| Untracked 
|  43|0x0000000082b00000, 0x0000000082c00000, 0x0000000082c00000|100%| O|  |TAMS 0x0000000082c00000, 0x0000000082b00000| Untracked 
|  44|0x0000000082c00000, 0x0000000082d00000, 0x0000000082d00000|100%| O|  |TAMS 0x0000000082d00000, 0x0000000082c00000| Untracked 
|  45|0x0000000082d00000, 0x0000000082e00000, 0x0000000082e00000|100%| O|  |TAMS 0x0000000082e00000, 0x0000000082d00000| Untracked 
|  46|0x0000000082e00000, 0x0000000082f00000, 0x0000000082f00000|100%| O|  |TAMS 0x0000000082f00000, 0x0000000082e00000| Complete 
|  47|0x0000000082f00000, 0x0000000083000000, 0x0000000083000000|100%| O|  |TAMS 0x0000000083000000, 0x0000000082f00000| Untracked 
|  48|0x0000000083000000, 0x0000000083100000, 0x0000000083100000|100%| O|  |TAMS 0x0000000083100000, 0x0000000083000000| Complete 
|  49|0x0000000083100000, 0x0000000083200000, 0x0000000083200000|100%| O|  |TAMS 0x0000000083200000, 0x0000000083100000| Untracked 
|  50|0x0000000083200000, 0x0000000083300000, 0x0000000083300000|100%| O|  |TAMS 0x0000000083300000, 0x0000000083200000| Untracked 
|  51|0x0000000083300000, 0x0000000083400000, 0x0000000083400000|100%| O|  |TAMS 0x0000000083400000, 0x0000000083300000| Untracked 
|  52|0x0000000083400000, 0x0000000083500000, 0x0000000083500000|100%| O|  |TAMS 0x0000000083500000, 0x0000000083400000| Untracked 
|  53|0x0000000083500000, 0x0000000083600000, 0x0000000083600000|100%| O|  |TAMS 0x0000000083600000, 0x0000000083500000| Untracked 
|  54|0x0000000083600000, 0x0000000083700000, 0x0000000083700000|100%| O|  |TAMS 0x0000000083700000, 0x0000000083600000| Untracked 
|  55|0x0000000083700000, 0x0000000083800000, 0x0000000083800000|100%| O|  |TAMS 0x0000000083800000, 0x0000000083700000| Untracked 
|  56|0x0000000083800000, 0x0000000083900000, 0x0000000083900000|100%| O|  |TAMS 0x0000000083900000, 0x0000000083800000| Untracked 
|  57|0x0000000083900000, 0x0000000083a00000, 0x0000000083a00000|100%| O|  |TAMS 0x0000000083a00000, 0x0000000083900000| Untracked 
|  58|0x0000000083a00000, 0x0000000083b00000, 0x0000000083b00000|100%| O|  |TAMS 0x0000000083b00000, 0x0000000083a00000| Untracked 
|  59|0x0000000083b00000, 0x0000000083c00000, 0x0000000083c00000|100%| O|  |TAMS 0x0000000083c00000, 0x0000000083b00000| Untracked 
|  60|0x0000000083c00000, 0x0000000083d00000, 0x0000000083d00000|100%| O|  |TAMS 0x0000000083d00000, 0x0000000083c00000| Untracked 
|  61|0x0000000083d00000, 0x0000000083e00000, 0x0000000083e00000|100%| O|  |TAMS 0x0000000083e00000, 0x0000000083d00000| Complete 
|  62|0x0000000083e00000, 0x0000000083f00000, 0x0000000083f00000|100%| O|  |TAMS 0x0000000083f00000, 0x0000000083e00000| Untracked 
|  63|0x0000000083f00000, 0x0000000084000000, 0x0000000084000000|100%| O|  |TAMS 0x0000000084000000, 0x0000000083f00000| Untracked 
|  64|0x0000000084000000, 0x0000000084100000, 0x0000000084100000|100%| O|  |TAMS 0x0000000084100000, 0x0000000084000000| Untracked 
|  65|0x0000000084100000, 0x0000000084200000, 0x0000000084200000|100%| O|  |TAMS 0x0000000084200000, 0x0000000084100000| Untracked 
|  66|0x0000000084200000, 0x0000000084300000, 0x0000000084300000|100%| O|  |TAMS 0x0000000084300000, 0x0000000084200000| Untracked 
|  67|0x0000000084300000, 0x0000000084400000, 0x0000000084400000|100%| O|  |TAMS 0x0000000084400000, 0x0000000084300000| Complete 
|  68|0x0000000084400000, 0x0000000084500000, 0x0000000084500000|100%| O|  |TAMS 0x0000000084500000, 0x0000000084400000| Complete 
|  69|0x0000000084500000, 0x0000000084600000, 0x0000000084600000|100%| O|  |TAMS 0x0000000084600000, 0x0000000084500000| Complete 
|  70|0x0000000084600000, 0x0000000084700000, 0x0000000084700000|100%| O|  |TAMS 0x0000000084700000, 0x0000000084600000| Complete 
|  71|0x0000000084700000, 0x0000000084800000, 0x0000000084800000|100%| O|  |TAMS 0x0000000084800000, 0x0000000084700000| Complete 
|  72|0x0000000084800000, 0x0000000084900000, 0x0000000084900000|100%|HS|  |TAMS 0x0000000084900000, 0x0000000084800000| Complete 
|  73|0x0000000084900000, 0x0000000084a00000, 0x0000000084a00000|100%|HC|  |TAMS 0x0000000084a00000, 0x0000000084900000| Complete 
|  74|0x0000000084a00000, 0x0000000084b00000, 0x0000000084b00000|100%| O|  |TAMS 0x0000000084b00000, 0x0000000084a00000| Complete 
|  75|0x0000000084b00000, 0x0000000084c00000, 0x0000000084c00000|100%| O|  |TAMS 0x0000000084c00000, 0x0000000084b00000| Complete 
|  76|0x0000000084c00000, 0x0000000084d00000, 0x0000000084d00000|100%| O|  |TAMS 0x0000000084d00000, 0x0000000084c00000| Untracked 
|  77|0x0000000084d00000, 0x0000000084e00000, 0x0000000084e00000|100%| O|  |TAMS 0x0000000084e00000, 0x0000000084d00000| Untracked 
|  78|0x0000000084e00000, 0x0000000084f00000, 0x0000000084f00000|100%| O|  |TAMS 0x0000000084f00000, 0x0000000084e00000| Untracked 
|  79|0x0000000084f00000, 0x0000000085000000, 0x0000000085000000|100%| O|  |TAMS 0x0000000085000000, 0x0000000084f00000| Untracked 
|  80|0x0000000085000000, 0x0000000085100000, 0x0000000085100000|100%| O|  |TAMS 0x0000000085100000, 0x0000000085000000| Untracked 
|  81|0x0000000085100000, 0x0000000085200000, 0x0000000085200000|100%| O|  |TAMS 0x0000000085200000, 0x0000000085100000| Untracked 
|  82|0x0000000085200000, 0x0000000085300000, 0x0000000085300000|100%| O|  |TAMS 0x0000000085300000, 0x0000000085200000| Untracked 
|  83|0x0000000085300000, 0x0000000085400000, 0x0000000085400000|100%| O|  |TAMS 0x0000000085400000, 0x0000000085300000| Untracked 
|  84|0x0000000085400000, 0x0000000085500000, 0x0000000085500000|100%| O|  |TAMS 0x0000000085500000, 0x0000000085400000| Untracked 
|  85|0x0000000085500000, 0x0000000085600000, 0x0000000085600000|100%| O|  |TAMS 0x0000000085600000, 0x0000000085500000| Untracked 
|  86|0x0000000085600000, 0x0000000085700000, 0x0000000085700000|100%| O|  |TAMS 0x0000000085700000, 0x0000000085600000| Untracked 
|  87|0x0000000085700000, 0x0000000085800000, 0x0000000085800000|100%| O|  |TAMS 0x0000000085800000, 0x0000000085700000| Untracked 
|  88|0x0000000085800000, 0x0000000085900000, 0x0000000085900000|100%| O|  |TAMS 0x0000000085900000, 0x0000000085800000| Untracked 
|  89|0x0000000085900000, 0x0000000085a00000, 0x0000000085a00000|100%| O|  |TAMS 0x0000000085a00000, 0x0000000085900000| Untracked 
|  90|0x0000000085a00000, 0x0000000085b00000, 0x0000000085b00000|100%| O|  |TAMS 0x0000000085b00000, 0x0000000085a00000| Untracked 
|  91|0x0000000085b00000, 0x0000000085c00000, 0x0000000085c00000|100%| O|  |TAMS 0x0000000085c00000, 0x0000000085b00000| Untracked 
|  92|0x0000000085c00000, 0x0000000085d00000, 0x0000000085d00000|100%| O|  |TAMS 0x0000000085d00000, 0x0000000085c00000| Untracked 
|  93|0x0000000085d00000, 0x0000000085e00000, 0x0000000085e00000|100%| O|  |TAMS 0x0000000085e00000, 0x0000000085d00000| Untracked 
|  94|0x0000000085e00000, 0x0000000085f00000, 0x0000000085f00000|100%| O|  |TAMS 0x0000000085f00000, 0x0000000085e00000| Untracked 
|  95|0x0000000085f00000, 0x0000000086000000, 0x0000000086000000|100%| O|  |TAMS 0x0000000086000000, 0x0000000085f00000| Complete 
|  96|0x0000000086000000, 0x0000000086100000, 0x0000000086100000|100%| O|  |TAMS 0x0000000086100000, 0x0000000086000000| Untracked 
|  97|0x0000000086100000, 0x0000000086200000, 0x0000000086200000|100%| O|  |TAMS 0x0000000086200000, 0x0000000086100000| Untracked 
|  98|0x0000000086200000, 0x0000000086300000, 0x0000000086300000|100%| O|  |TAMS 0x0000000086300000, 0x0000000086200000| Complete 
|  99|0x0000000086300000, 0x0000000086400000, 0x0000000086400000|100%| O|  |TAMS 0x0000000086400000, 0x0000000086300000| Complete 
| 100|0x0000000086400000, 0x0000000086400000, 0x0000000086500000|  0%| F|  |TAMS 0x0000000086400000, 0x0000000086400000| Untracked 
| 101|0x0000000086500000, 0x0000000086600000, 0x0000000086600000|100%| O|  |TAMS 0x0000000086600000, 0x0000000086500000| Complete 
| 102|0x0000000086600000, 0x0000000086700000, 0x0000000086700000|100%| O|  |TAMS 0x0000000086700000, 0x0000000086600000| Untracked 
| 103|0x0000000086700000, 0x0000000086800000, 0x0000000086800000|100%| O|  |TAMS 0x0000000086800000, 0x0000000086700000| Complete 
| 104|0x0000000086800000, 0x0000000086900000, 0x0000000086900000|100%| O|  |TAMS 0x0000000086900000, 0x0000000086800000| Untracked 
| 105|0x0000000086900000, 0x0000000086a00000, 0x0000000086a00000|100%| O|  |TAMS 0x0000000086a00000, 0x0000000086900000| Complete 
| 106|0x0000000086a00000, 0x0000000086b00000, 0x0000000086b00000|100%| O|  |TAMS 0x0000000086b00000, 0x0000000086a00000| Complete 
| 107|0x0000000086b00000, 0x0000000086b00000, 0x0000000086c00000|  0%| F|  |TAMS 0x0000000086b00000, 0x0000000086b00000| Untracked 
| 108|0x0000000086c00000, 0x0000000086d00000, 0x0000000086d00000|100%| O|  |TAMS 0x0000000086d00000, 0x0000000086c00000| Untracked 
| 109|0x0000000086d00000, 0x0000000086e00000, 0x0000000086e00000|100%| O|  |TAMS 0x0000000086e00000, 0x0000000086d00000| Untracked 
| 110|0x0000000086e00000, 0x0000000086e00000, 0x0000000086f00000|  0%| F|  |TAMS 0x0000000086e00000, 0x0000000086e00000| Untracked 
| 111|0x0000000086f00000, 0x0000000087000000, 0x0000000087000000|100%| O|  |TAMS 0x0000000087000000, 0x0000000086f00000| Complete 
| 112|0x0000000087000000, 0x0000000087100000, 0x0000000087100000|100%| O|  |TAMS 0x0000000087100000, 0x0000000087000000| Complete 
| 113|0x0000000087100000, 0x0000000087200000, 0x0000000087200000|100%| O|  |TAMS 0x0000000087200000, 0x0000000087100000| Complete 
| 114|0x0000000087200000, 0x0000000087200000, 0x0000000087300000|  0%| F|  |TAMS 0x0000000087200000, 0x0000000087200000| Untracked 
| 115|0x0000000087300000, 0x0000000087300000, 0x0000000087400000|  0%| F|  |TAMS 0x0000000087300000, 0x0000000087300000| Untracked 
| 116|0x0000000087400000, 0x0000000087400000, 0x0000000087500000|  0%| F|  |TAMS 0x0000000087400000, 0x0000000087400000| Untracked 
| 117|0x0000000087500000, 0x0000000087500000, 0x0000000087600000|  0%| F|  |TAMS 0x0000000087500000, 0x0000000087500000| Untracked 
| 118|0x0000000087600000, 0x0000000087600000, 0x0000000087700000|  0%| F|  |TAMS 0x0000000087600000, 0x0000000087600000| Untracked 
| 119|0x0000000087700000, 0x0000000087700000, 0x0000000087800000|  0%| F|  |TAMS 0x0000000087700000, 0x0000000087700000| Untracked 
| 120|0x0000000087800000, 0x0000000087800000, 0x0000000087900000|  0%| F|  |TAMS 0x0000000087800000, 0x0000000087800000| Untracked 
| 121|0x0000000087900000, 0x0000000087900000, 0x0000000087a00000|  0%| F|  |TAMS 0x0000000087900000, 0x0000000087900000| Untracked 
| 122|0x0000000087a00000, 0x0000000087a00000, 0x0000000087b00000|  0%| F|  |TAMS 0x0000000087a00000, 0x0000000087a00000| Untracked 
| 123|0x0000000087b00000, 0x0000000087b00000, 0x0000000087c00000|  0%| F|  |TAMS 0x0000000087b00000, 0x0000000087b00000| Untracked 
| 124|0x0000000087c00000, 0x0000000087c00000, 0x0000000087d00000|  0%| F|  |TAMS 0x0000000087c00000, 0x0000000087c00000| Untracked 
| 125|0x0000000087d00000, 0x0000000087d00000, 0x0000000087e00000|  0%| F|  |TAMS 0x0000000087d00000, 0x0000000087d00000| Untracked 
| 126|0x0000000087e00000, 0x0000000087e00000, 0x0000000087f00000|  0%| F|  |TAMS 0x0000000087e00000, 0x0000000087e00000| Untracked 
| 127|0x0000000087f00000, 0x0000000087f00000, 0x0000000088000000|  0%| F|  |TAMS 0x0000000087f00000, 0x0000000087f00000| Untracked 
| 128|0x0000000088000000, 0x0000000088000000, 0x0000000088100000|  0%| F|  |TAMS 0x0000000088000000, 0x0000000088000000| Untracked 
| 129|0x0000000088100000, 0x0000000088100000, 0x0000000088200000|  0%| F|  |TAMS 0x0000000088100000, 0x0000000088100000| Untracked 
| 130|0x0000000088200000, 0x0000000088300000, 0x0000000088300000|100%| O|  |TAMS 0x0000000088300000, 0x0000000088200000| Complete 
| 131|0x0000000088300000, 0x0000000088300000, 0x0000000088400000|  0%| F|  |TAMS 0x0000000088300000, 0x0000000088300000| Untracked 
| 132|0x0000000088400000, 0x0000000088400000, 0x0000000088500000|  0%| F|  |TAMS 0x0000000088400000, 0x0000000088400000| Untracked 
| 133|0x0000000088500000, 0x0000000088500000, 0x0000000088600000|  0%| F|  |TAMS 0x0000000088500000, 0x0000000088500000| Untracked 
| 134|0x0000000088600000, 0x0000000088600000, 0x0000000088700000|  0%| F|  |TAMS 0x0000000088600000, 0x0000000088600000| Untracked 
| 135|0x0000000088700000, 0x0000000088700000, 0x0000000088800000|  0%| F|  |TAMS 0x0000000088700000, 0x0000000088700000| Untracked 
| 136|0x0000000088800000, 0x0000000088800000, 0x0000000088900000|  0%| F|  |TAMS 0x0000000088800000, 0x0000000088800000| Untracked 
| 137|0x0000000088900000, 0x0000000088900000, 0x0000000088a00000|  0%| F|  |TAMS 0x0000000088900000, 0x0000000088900000| Untracked 
| 138|0x0000000088a00000, 0x0000000088a00000, 0x0000000088b00000|  0%| F|  |TAMS 0x0000000088a00000, 0x0000000088a00000| Untracked 
| 139|0x0000000088b00000, 0x0000000088b00000, 0x0000000088c00000|  0%| F|  |TAMS 0x0000000088b00000, 0x0000000088b00000| Untracked 
| 140|0x0000000088c00000, 0x0000000088c00000, 0x0000000088d00000|  0%| F|  |TAMS 0x0000000088c00000, 0x0000000088c00000| Untracked 
| 141|0x0000000088d00000, 0x0000000088d00000, 0x0000000088e00000|  0%| F|  |TAMS 0x0000000088d00000, 0x0000000088d00000| Untracked 
| 142|0x0000000088e00000, 0x0000000088e00000, 0x0000000088f00000|  0%| F|  |TAMS 0x0000000088e00000, 0x0000000088e00000| Untracked 
| 143|0x0000000088f00000, 0x0000000088f00000, 0x0000000089000000|  0%| F|  |TAMS 0x0000000088f00000, 0x0000000088f00000| Untracked 
| 144|0x0000000089000000, 0x0000000089000000, 0x0000000089100000|  0%| F|  |TAMS 0x0000000089000000, 0x0000000089000000| Untracked 
| 145|0x0000000089100000, 0x0000000089166cd8, 0x0000000089200000| 40%| S|CS|TAMS 0x0000000089100000, 0x0000000089100000| Complete 
| 146|0x0000000089200000, 0x0000000089300000, 0x0000000089300000|100%| S|CS|TAMS 0x0000000089200000, 0x0000000089200000| Complete 
| 147|0x0000000089300000, 0x0000000089400000, 0x0000000089400000|100%| S|CS|TAMS 0x0000000089300000, 0x0000000089300000| Complete 
| 148|0x0000000089400000, 0x0000000089500000, 0x0000000089500000|100%| S|CS|TAMS 0x0000000089400000, 0x0000000089400000| Complete 
| 149|0x0000000089500000, 0x0000000089600000, 0x0000000089600000|100%| S|CS|TAMS 0x0000000089500000, 0x0000000089500000| Complete 
| 150|0x0000000089600000, 0x0000000089600000, 0x0000000089700000|  0%| F|  |TAMS 0x0000000089600000, 0x0000000089600000| Untracked 
| 151|0x0000000089700000, 0x0000000089700000, 0x0000000089800000|  0%| F|  |TAMS 0x0000000089700000, 0x0000000089700000| Untracked 
| 152|0x0000000089800000, 0x0000000089800000, 0x0000000089900000|  0%| F|  |TAMS 0x0000000089800000, 0x0000000089800000| Untracked 
| 153|0x0000000089900000, 0x0000000089900000, 0x0000000089a00000|  0%| F|  |TAMS 0x0000000089900000, 0x0000000089900000| Untracked 
| 154|0x0000000089a00000, 0x0000000089acecc0, 0x0000000089b00000| 80%| E|  |TAMS 0x0000000089a00000, 0x0000000089a00000| Complete 
| 155|0x0000000089b00000, 0x0000000089c00000, 0x0000000089c00000|100%| E|CS|TAMS 0x0000000089b00000, 0x0000000089b00000| Complete 
| 156|0x0000000089c00000, 0x0000000089d00000, 0x0000000089d00000|100%| E|CS|TAMS 0x0000000089c00000, 0x0000000089c00000| Complete 
| 157|0x0000000089d00000, 0x0000000089e00000, 0x0000000089e00000|100%| E|CS|TAMS 0x0000000089d00000, 0x0000000089d00000| Complete 
| 158|0x0000000089e00000, 0x0000000089f00000, 0x0000000089f00000|100%| E|CS|TAMS 0x0000000089e00000, 0x0000000089e00000| Complete 
| 159|0x0000000089f00000, 0x000000008a000000, 0x000000008a000000|100%| E|CS|TAMS 0x0000000089f00000, 0x0000000089f00000| Complete 
| 160|0x000000008a000000, 0x000000008a100000, 0x000000008a100000|100%| E|CS|TAMS 0x000000008a000000, 0x000000008a000000| Complete 
| 161|0x000000008a100000, 0x000000008a200000, 0x000000008a200000|100%| E|CS|TAMS 0x000000008a100000, 0x000000008a100000| Complete 
| 162|0x000000008a200000, 0x000000008a300000, 0x000000008a300000|100%| E|CS|TAMS 0x000000008a200000, 0x000000008a200000| Complete 
| 163|0x000000008a300000, 0x000000008a400000, 0x000000008a400000|100%| E|CS|TAMS 0x000000008a300000, 0x000000008a300000| Complete 
| 164|0x000000008a400000, 0x000000008a500000, 0x000000008a500000|100%| E|CS|TAMS 0x000000008a400000, 0x000000008a400000| Complete 
| 165|0x000000008a500000, 0x000000008a600000, 0x000000008a600000|100%| E|CS|TAMS 0x000000008a500000, 0x000000008a500000| Complete 
| 166|0x000000008a600000, 0x000000008a700000, 0x000000008a700000|100%| E|CS|TAMS 0x000000008a600000, 0x000000008a600000| Complete 
| 167|0x000000008a700000, 0x000000008a800000, 0x000000008a800000|100%| E|CS|TAMS 0x000000008a700000, 0x000000008a700000| Complete 
| 168|0x000000008a800000, 0x000000008a900000, 0x000000008a900000|100%| E|CS|TAMS 0x000000008a800000, 0x000000008a800000| Complete 
| 169|0x000000008a900000, 0x000000008aa00000, 0x000000008aa00000|100%| E|CS|TAMS 0x000000008a900000, 0x000000008a900000| Complete 
| 170|0x000000008aa00000, 0x000000008ab00000, 0x000000008ab00000|100%| E|CS|TAMS 0x000000008aa00000, 0x000000008aa00000| Complete 
| 171|0x000000008ab00000, 0x000000008ac00000, 0x000000008ac00000|100%| E|CS|TAMS 0x000000008ab00000, 0x000000008ab00000| Complete 
| 172|0x000000008ac00000, 0x000000008ad00000, 0x000000008ad00000|100%| E|CS|TAMS 0x000000008ac00000, 0x000000008ac00000| Complete 
| 173|0x000000008ad00000, 0x000000008ae00000, 0x000000008ae00000|100%| E|CS|TAMS 0x000000008ad00000, 0x000000008ad00000| Complete 
| 174|0x000000008ae00000, 0x000000008af00000, 0x000000008af00000|100%| E|CS|TAMS 0x000000008ae00000, 0x000000008ae00000| Complete 
| 175|0x000000008af00000, 0x000000008b000000, 0x000000008b000000|100%| E|CS|TAMS 0x000000008af00000, 0x000000008af00000| Complete 
| 176|0x000000008b000000, 0x000000008b100000, 0x000000008b100000|100%| E|CS|TAMS 0x000000008b000000, 0x000000008b000000| Complete 
| 177|0x000000008b100000, 0x000000008b200000, 0x000000008b200000|100%| E|CS|TAMS 0x000000008b100000, 0x000000008b100000| Complete 
| 178|0x000000008b200000, 0x000000008b300000, 0x000000008b300000|100%| E|CS|TAMS 0x000000008b200000, 0x000000008b200000| Complete 
| 179|0x000000008b300000, 0x000000008b400000, 0x000000008b400000|100%| E|CS|TAMS 0x000000008b300000, 0x000000008b300000| Complete 
| 180|0x000000008b400000, 0x000000008b500000, 0x000000008b500000|100%| E|CS|TAMS 0x000000008b400000, 0x000000008b400000| Complete 
| 181|0x000000008b500000, 0x000000008b600000, 0x000000008b600000|100%| E|CS|TAMS 0x000000008b500000, 0x000000008b500000| Complete 
| 182|0x000000008b600000, 0x000000008b700000, 0x000000008b700000|100%| E|CS|TAMS 0x000000008b600000, 0x000000008b600000| Complete 
| 183|0x000000008b700000, 0x000000008b800000, 0x000000008b800000|100%| E|CS|TAMS 0x000000008b700000, 0x000000008b700000| Complete 
| 184|0x000000008b800000, 0x000000008b900000, 0x000000008b900000|100%| E|CS|TAMS 0x000000008b800000, 0x000000008b800000| Complete 
| 185|0x000000008b900000, 0x000000008ba00000, 0x000000008ba00000|100%| E|CS|TAMS 0x000000008b900000, 0x000000008b900000| Complete 
| 186|0x000000008ba00000, 0x000000008bb00000, 0x000000008bb00000|100%| E|CS|TAMS 0x000000008ba00000, 0x000000008ba00000| Complete 
| 187|0x000000008bb00000, 0x000000008bc00000, 0x000000008bc00000|100%| E|CS|TAMS 0x000000008bb00000, 0x000000008bb00000| Complete 
| 188|0x000000008bc00000, 0x000000008bd00000, 0x000000008bd00000|100%| E|CS|TAMS 0x000000008bc00000, 0x000000008bc00000| Complete 
| 189|0x000000008bd00000, 0x000000008be00000, 0x000000008be00000|100%| E|CS|TAMS 0x000000008bd00000, 0x000000008bd00000| Complete 
| 190|0x000000008be00000, 0x000000008bf00000, 0x000000008bf00000|100%| E|CS|TAMS 0x000000008be00000, 0x000000008be00000| Complete 
| 191|0x000000008bf00000, 0x000000008c000000, 0x000000008c000000|100%| E|CS|TAMS 0x000000008bf00000, 0x000000008bf00000| Complete 

Card table byte_map: [0x00000280f9930000,0x00000280f9d30000] _byte_map_base: 0x00000280f9530000

Marking Bits (Prev, Next): (CMBitMap*) 0x00000280e6a8f100, (CMBitMap*) 0x00000280e6a8f0c8
 Prev Bits: [0x00000280fc130000, 0x00000280fe130000)
 Next Bits: [0x00000280fa130000, 0x00000280fc130000)

Polling page: 0x00000280e4870000

Metaspace:

Usage:
  Non-class:     92.50 MB capacity,    90.89 MB ( 98%) used,     1.31 MB (  1%) free+waste,   306.88 KB ( <1%) overhead. 
      Class:     13.93 MB capacity,    13.01 MB ( 93%) used,   810.54 KB (  6%) free+waste,   136.44 KB ( <1%) overhead. 
       Both:    106.43 MB capacity,   103.90 MB ( 98%) used,     2.10 MB (  2%) free+waste,   443.31 KB ( <1%) overhead. 

Virtual space:
  Non-class space:       94.00 MB reserved,      92.54 MB ( 98%) committed 
      Class space:        1.00 GB reserved,      14.00 MB (  1%) committed 
             Both:        1.09 GB reserved,     106.54 MB ( 10%) committed 

Chunk freelists:
   Non-Class:  39.00 KB
       Class:  35.00 KB
        Both:  74.00 KB

MaxMetaspaceSize: 17179869184.00 GB
CompressedClassSpaceSize: 1.00 GB

CodeHeap 'non-profiled nmethods': size=120064Kb used=10327Kb max_used=10327Kb free=109736Kb
 bounds [0x00000280f1ff0000, 0x00000280f2a10000, 0x00000280f9530000]
CodeHeap 'profiled nmethods': size=120000Kb used=36928Kb max_used=36928Kb free=83072Kb
 bounds [0x00000280eaac0000, 0x00000280ecee0000, 0x00000280f1ff0000]
CodeHeap 'non-nmethods': size=5696Kb used=2378Kb max_used=2438Kb free=3317Kb
 bounds [0x00000280ea530000, 0x00000280ea7b0000, 0x00000280eaac0000]
 total_blobs=16531 nmethods=15509 adapters=931
 compilation: enabled
              stopped_count=0, restarted_count=0
 full_count=0

Compilation events (20 events):
Event: 60.790 Thread 0x00000280feecf800 nmethod 15498 0x00000280ece5c090 code [0x00000280ece5c260, 0x00000280ece5c478]
Event: 60.790 Thread 0x00000280feecf800 15510       3       com.android.tools.r8.internal.Lv::d (14 bytes)
Event: 60.790 Thread 0x00000280feecf800 nmethod 15510 0x00000280ece5c590 code [0x00000280ece5c760, 0x00000280ece5ca08]
Event: 60.790 Thread 0x00000280feecf800 15509       3       com.android.tools.r8.internal.Lv::Y (8 bytes)
Event: 60.791 Thread 0x00000280feecf800 nmethod 15509 0x00000280ece5cb10 code [0x00000280ece5ccc0, 0x00000280ece5ce18]
Event: 60.791 Thread 0x00000280feecf800 15501       3       com.android.tools.r8.internal.qz::<init> (10 bytes)
Event: 60.791 Thread 0x00000280feecf800 nmethod 15501 0x00000280ece5ce90 code [0x00000280ece5d040, 0x00000280ece5d198]
Event: 60.791 Thread 0x00000280feecf800 15504       3       com.android.tools.r8.internal.Nh::k (37 bytes)
Event: 60.792 Thread 0x00000280feecf800 nmethod 15504 0x00000280ece5d290 code [0x00000280ece5d460, 0x00000280ece5d788]
Event: 60.792 Thread 0x00000280feecf800 15503       3       com.android.tools.r8.internal.h2::g (83 bytes)
Event: 60.792 Thread 0x00000280feecf800 nmethod 15503 0x00000280ece5d910 code [0x00000280ece5db00, 0x00000280ece5de98]
Event: 60.792 Thread 0x00000280feecf800 15497       3       com.android.tools.r8.internal.xA::g (13 bytes)
Event: 60.792 Thread 0x00000280feecf800 nmethod 15497 0x00000280ece5e010 code [0x00000280ece5e1c0, 0x00000280ece5e308]
Event: 60.792 Thread 0x00000280feecf800 15496       3       com.android.tools.r8.internal.fk::<init> (6 bytes)
Event: 60.793 Thread 0x00000280feecf800 nmethod 15496 0x00000280ece5e410 code [0x00000280ece5e5c0, 0x00000280ece5e6e8]
Event: 60.803 Thread 0x00000280feec7000 15511       4       com.android.tools.r8.internal.j2::next (13 bytes)
Event: 60.808 Thread 0x00000280feecf800 15512       3       com.android.tools.r8.internal.h2::R (27 bytes)
Event: 60.808 Thread 0x00000280feecf800 nmethod 15512 0x00000280ece5e790 code [0x00000280ece5e960, 0x00000280ece5ebf8]
Event: 60.808 Thread 0x00000280feecf800 15513       3       com.android.tools.r8.internal.z8::b (50 bytes)
Event: 60.809 Thread 0x00000280feecf800 nmethod 15513 0x00000280ece5ed10 code [0x00000280ece5ef20, 0x00000280ece5f538]

GC Heap History (20 events):
Event: 50.788 GC heap before
{Heap before GC invocations=27 (full 0):
 garbage-first heap   total 196608K, used 157603K [0x0000000080000000, 0x0000000100000000)
  region size 1024K, 40 young (40960K), 5 survivors (5120K)
 Metaspace       used 93980K, capacity 96208K, committed 96548K, reserved 1134592K
  class space    used 11699K, capacity 12507K, committed 12544K, reserved 1048576K
}
Event: 50.807 GC heap after
{Heap after GC invocations=28 (full 0):
 garbage-first heap   total 196608K, used 126865K [0x0000000080000000, 0x0000000100000000)
  region size 1024K, 5 young (5120K), 5 survivors (5120K)
 Metaspace       used 93980K, capacity 96208K, committed 96548K, reserved 1134592K
  class space    used 11699K, capacity 12507K, committed 12544K, reserved 1048576K
}
Event: 51.908 GC heap before
{Heap before GC invocations=29 (full 0):
 garbage-first heap   total 196608K, used 137105K [0x0000000080000000, 0x0000000100000000)
  region size 1024K, 38 young (38912K), 5 survivors (5120K)
 Metaspace       used 94199K, capacity 96400K, committed 96548K, reserved 1134592K
  class space    used 11714K, capacity 12507K, committed 12544K, reserved 1048576K
}
Event: 51.918 GC heap after
{Heap after GC invocations=30 (full 0):
 garbage-first heap   total 196608K, used 103002K [0x0000000080000000, 0x0000000100000000)
  region size 1024K, 1 young (1024K), 1 survivors (1024K)
 Metaspace       used 94199K, capacity 96400K, committed 96548K, reserved 1134592K
  class space    used 11714K, capacity 12507K, committed 12544K, reserved 1048576K
}
Event: 52.083 GC heap before
{Heap before GC invocations=30 (full 0):
 garbage-first heap   total 196608K, used 110170K [0x0000000080000000, 0x0000000100000000)
  region size 1024K, 9 young (9216K), 1 survivors (1024K)
 Metaspace       used 94213K, capacity 96400K, committed 96548K, reserved 1134592K
  class space    used 11714K, capacity 12507K, committed 12544K, reserved 1048576K
}
Event: 52.090 GC heap after
{Heap after GC invocations=31 (full 0):
 garbage-first heap   total 196608K, used 93822K [0x0000000080000000, 0x0000000100000000)
  region size 1024K, 1 young (1024K), 1 survivors (1024K)
 Metaspace       used 94213K, capacity 96400K, committed 96548K, reserved 1134592K
  class space    used 11714K, capacity 12507K, committed 12544K, reserved 1048576K
}
Event: 53.983 GC heap before
{Heap before GC invocations=31 (full 0):
 garbage-first heap   total 196608K, used 148094K [0x0000000080000000, 0x0000000100000000)
  region size 1024K, 55 young (56320K), 1 survivors (1024K)
 Metaspace       used 95340K, capacity 97534K, committed 97700K, reserved 1134592K
  class space    used 11795K, capacity 12623K, committed 12672K, reserved 1048576K
}
Event: 53.991 GC heap after
{Heap after GC invocations=32 (full 0):
 garbage-first heap   total 196608K, used 95738K [0x0000000080000000, 0x0000000100000000)
  region size 1024K, 3 young (3072K), 3 survivors (3072K)
 Metaspace       used 95340K, capacity 97534K, committed 97700K, reserved 1134592K
  class space    used 11795K, capacity 12623K, committed 12672K, reserved 1048576K
}
Event: 55.347 GC heap before
{Heap before GC invocations=33 (full 0):
 garbage-first heap   total 196608K, used 153082K [0x0000000080000000, 0x0000000100000000)
  region size 1024K, 59 young (60416K), 3 survivors (3072K)
 Metaspace       used 96767K, capacity 99053K, committed 99236K, reserved 1136640K
  class space    used 11987K, capacity 12807K, committed 12928K, reserved 1048576K
}
Event: 55.362 GC heap after
{Heap after GC invocations=34 (full 0):
 garbage-first heap   total 196608K, used 105446K [0x0000000080000000, 0x0000000100000000)
  region size 1024K, 8 young (8192K), 8 survivors (8192K)
 Metaspace       used 96767K, capacity 99053K, committed 99236K, reserved 1136640K
  class space    used 11987K, capacity 12807K, committed 12928K, reserved 1048576K
}
Event: 55.366 GC heap before
{Heap before GC invocations=34 (full 0):
 garbage-first heap   total 196608K, used 106470K [0x0000000080000000, 0x0000000100000000)
  region size 1024K, 9 young (9216K), 8 survivors (8192K)
 Metaspace       used 96770K, capacity 99053K, committed 99236K, reserved 1136640K
  class space    used 11987K, capacity 12807K, committed 12928K, reserved 1048576K
}
Event: 55.378 GC heap after
{Heap after GC invocations=35 (full 0):
 garbage-first heap   total 196608K, used 98235K [0x0000000080000000, 0x0000000100000000)
  region size 1024K, 1 young (1024K), 1 survivors (1024K)
 Metaspace       used 96770K, capacity 99053K, committed 99236K, reserved 1136640K
  class space    used 11987K, capacity 12807K, committed 12928K, reserved 1048576K
}
Event: 56.748 GC heap before
{Heap before GC invocations=35 (full 0):
 garbage-first heap   total 196608K, used 151483K [0x0000000080000000, 0x0000000100000000)
  region size 1024K, 54 young (55296K), 1 survivors (1024K)
 Metaspace       used 100332K, capacity 102624K, committed 102820K, reserved 1138688K
  class space    used 12481K, capacity 13318K, committed 13440K, reserved 1048576K
}
Event: 56.801 GC heap after
{Heap after GC invocations=36 (full 0):
 garbage-first heap   total 196608K, used 107520K [0x0000000080000000, 0x0000000100000000)
  region size 1024K, 7 young (7168K), 7 survivors (7168K)
 Metaspace       used 100332K, capacity 102624K, committed 102820K, reserved 1138688K
  class space    used 12481K, capacity 13318K, committed 13440K, reserved 1048576K
}
Event: 57.929 GC heap before
{Heap before GC invocations=37 (full 0):
 garbage-first heap   total 196608K, used 154624K [0x0000000080000000, 0x0000000100000000)
  region size 1024K, 53 young (54272K), 7 survivors (7168K)
 Metaspace       used 102663K, capacity 105082K, committed 105252K, reserved 1140736K
  class space    used 12862K, capacity 13781K, committed 13824K, reserved 1048576K
}
Event: 57.968 GC heap after
{Heap after GC invocations=38 (full 0):
 garbage-first heap   total 196608K, used 115423K [0x0000000080000000, 0x0000000100000000)
  region size 1024K, 7 young (7168K), 7 survivors (7168K)
 Metaspace       used 102663K, capacity 105082K, committed 105252K, reserved 1140736K
  class space    used 12862K, capacity 13781K, committed 13824K, reserved 1048576K
}
Event: 57.984 GC heap before
{Heap before GC invocations=38 (full 0):
 garbage-first heap   total 196608K, used 117471K [0x0000000080000000, 0x0000000100000000)
  region size 1024K, 9 young (9216K), 7 survivors (7168K)
 Metaspace       used 102750K, capacity 105180K, committed 105252K, reserved 1140736K
  class space    used 12887K, capacity 13814K, committed 13824K, reserved 1048576K
}
Event: 58.006 GC heap after
{Heap after GC invocations=39 (full 0):
 garbage-first heap   total 196608K, used 115712K [0x0000000080000000, 0x0000000100000000)
  region size 1024K, 1 young (1024K), 1 survivors (1024K)
 Metaspace       used 102750K, capacity 105180K, committed 105252K, reserved 1140736K
  class space    used 12887K, capacity 13814K, committed 13824K, reserved 1048576K
}
Event: 59.329 GC heap before
{Heap before GC invocations=39 (full 0):
 garbage-first heap   total 196608K, used 156672K [0x0000000080000000, 0x0000000100000000)
  region size 1024K, 42 young (43008K), 1 survivors (1024K)
 Metaspace       used 105340K, capacity 107861K, committed 107940K, reserved 1142784K
  class space    used 13252K, capacity 14180K, committed 14208K, reserved 1048576K
}
Event: 59.345 GC heap after
{Heap after GC invocations=40 (full 0):
 garbage-first heap   total 196608K, used 119195K [0x0000000080000000, 0x0000000100000000)
  region size 1024K, 5 young (5120K), 5 survivors (5120K)
 Metaspace       used 105340K, capacity 107861K, committed 107940K, reserved 1142784K
  class space    used 13252K, capacity 14180K, committed 14208K, reserved 1048576K
}

Deoptimization events (20 events):
Event: 60.223 Thread 0x0000028083e17000 Uncommon trap: trap_request=0xffffffbe fr.pc=0x00000280f29d5dd0 relative=0x00000000000008f0
Event: 60.223 Thread 0x0000028083e17000 Uncommon trap: reason=profile_predicate action=maybe_recompile pc=0x00000280f29d5dd0 method=com.android.tools.r8.internal.wj.b(Ljava/lang/Iterable;Lcom/android/tools/r8/internal/Yv;)Z @ 22 c2
Event: 60.223 Thread 0x0000028083e17000 DEOPT PACKING pc=0x00000280f29d5dd0 sp=0x000000c637cf9e40
Event: 60.223 Thread 0x0000028083e17000 DEOPT UNPACKING pc=0x00000280ea5578af sp=0x000000c637cf9e18 mode 2
Event: 60.223 Thread 0x0000028083e17000 Uncommon trap: trap_request=0xffffffbe fr.pc=0x00000280f29d5dd0 relative=0x00000000000008f0
Event: 60.223 Thread 0x0000028083e17000 Uncommon trap: reason=profile_predicate action=maybe_recompile pc=0x00000280f29d5dd0 method=com.android.tools.r8.internal.wj.b(Ljava/lang/Iterable;Lcom/android/tools/r8/internal/Yv;)Z @ 22 c2
Event: 60.223 Thread 0x0000028083e17000 DEOPT PACKING pc=0x00000280f29d5dd0 sp=0x000000c637cf9e40
Event: 60.223 Thread 0x0000028083e17000 DEOPT UNPACKING pc=0x00000280ea5578af sp=0x000000c637cf9e18 mode 2
Event: 60.223 Thread 0x0000028083e17000 Uncommon trap: trap_request=0xffffffbe fr.pc=0x00000280f29d5dd0 relative=0x00000000000008f0
Event: 60.223 Thread 0x0000028083e17000 Uncommon trap: reason=profile_predicate action=maybe_recompile pc=0x00000280f29d5dd0 method=com.android.tools.r8.internal.wj.b(Ljava/lang/Iterable;Lcom/android/tools/r8/internal/Yv;)Z @ 22 c2
Event: 60.223 Thread 0x0000028083e17000 DEOPT PACKING pc=0x00000280f29d5dd0 sp=0x000000c637cf9e40
Event: 60.223 Thread 0x0000028083e17000 DEOPT UNPACKING pc=0x00000280ea5578af sp=0x000000c637cf9e18 mode 2
Event: 60.223 Thread 0x0000028083e17000 Uncommon trap: trap_request=0xffffffbe fr.pc=0x00000280f29d5dd0 relative=0x00000000000008f0
Event: 60.223 Thread 0x0000028083e17000 Uncommon trap: reason=profile_predicate action=maybe_recompile pc=0x00000280f29d5dd0 method=com.android.tools.r8.internal.wj.b(Ljava/lang/Iterable;Lcom/android/tools/r8/internal/Yv;)Z @ 22 c2
Event: 60.223 Thread 0x0000028083e17000 DEOPT PACKING pc=0x00000280f29d5dd0 sp=0x000000c637cf9e40
Event: 60.223 Thread 0x0000028083e17000 DEOPT UNPACKING pc=0x00000280ea5578af sp=0x000000c637cf9e18 mode 2
Event: 60.481 Thread 0x0000028083620000 DEOPT PACKING pc=0x00000280ec97b53a sp=0x000000c6387f92a0
Event: 60.481 Thread 0x0000028083620000 DEOPT UNPACKING pc=0x00000280ea5576ce sp=0x000000c6387f8a30 mode 0
Event: 60.484 Thread 0x0000028083620000 DEOPT PACKING pc=0x00000280eca18f9b sp=0x000000c6387f92c0
Event: 60.484 Thread 0x0000028083620000 DEOPT UNPACKING pc=0x00000280ea5576ce sp=0x000000c6387f87f0 mode 0

Classes redefined (0 events):
No events

Internal exceptions (20 events):
Event: 55.630 Thread 0x0000028083620000 Exception <a 'java/lang/NoSuchMethodError'{0x000000008b388300}: 'java.lang.Object java.lang.invoke.DirectMethodHandle$Holder.invokeStaticInit(java.lang.Object, java.lang.Object, java.lang.Object, java.lang.Object, java.lang.Object, java.lang.Object, java.lang.Object, java.lang.Object, java.lang.Object, java.lang.Object, java.lang.Object, java.lang.Object, java.lang.Object, java.lang.Object, java.lang.Object, java.lang.Object, java.lang.Object, java.lang.Object, int, java.lang.Object)'> (0x000000008b388300)
Event: 55.697 Thread 0x0000028083620000 Exception <a 'java/lang/IncompatibleClassChangeError'{0x000000008b1a6e48}: Found class java.lang.Object, but interface was expected> (0x000000008b1a6e48) thrown at [./src/hotspot/share/interpreter/linkResolver.cpp, line 839]
Event: 55.697 Thread 0x0000028083e17000 Exception <a 'java/lang/IncompatibleClassChangeError'{0x000000008b255830}: Found class java.lang.Object, but interface was expected> (0x000000008b255830) thrown at [./src/hotspot/share/interpreter/linkResolver.cpp, line 839]
Event: 55.786 Thread 0x0000028083620000 Exception <a 'java/lang/NoSuchMethodError'{0x000000008ae337e8}: 'java.lang.Object java.lang.invoke.DirectMethodHandle$Holder.invokeStatic(java.lang.Object, long)'> (0x000000008ae337e8) thrown at [./src/hotspot/share/interpreter/linkResolver.cpp, line 773]
Event: 56.030 Thread 0x0000028083620000 Exception <a 'java/lang/NoSuchMethodError'{0x000000008a871788}: 'int java.lang.invoke.DirectMethodHandle$Holder.invokeVirtual(java.lang.Object, java.lang.Object, java.lang.Object, java.lang.Object)'> (0x000000008a871788) thrown at [./src/hotspot/share/interpreter/linkResolver.cpp, line 773]
Event: 56.175 Thread 0x0000028083620000 Exception <a 'java/lang/NoSuchMethodError'{0x000000008a5700f8}: 'long java.lang.invoke.DirectMethodHandle$Holder.invokeStatic(java.lang.Object, java.lang.Object)'> (0x000000008a5700f8) thrown at [./src/hotspot/share/interpreter/linkResolver.cpp, line 773]
Event: 56.369 Thread 0x0000028083620000 Exception <a 'java/lang/IncompatibleClassChangeError'{0x0000000089d989f0}: Found class java.lang.Object, but interface was expected> (0x0000000089d989f0) thrown at [./src/hotspot/share/interpreter/linkResolver.cpp, line 839]
Event: 56.371 Thread 0x0000028083620000 Exception <a 'java/lang/NoSuchMethodError'{0x0000000089da0c80}: 'java.lang.Object java.lang.invoke.DirectMethodHandle$Holder.newInvokeSpecial(java.lang.Object, int)'> (0x0000000089da0c80) thrown at [./src/hotspot/share/interpreter/linkResolver.cpp, line 773]
Event: 56.435 Thread 0x0000028083620000 Exception <a 'java/lang/IncompatibleClassChangeError'{0x0000000089a0c8b8}: Found class java.lang.Object, but interface was expected> (0x0000000089a0c8b8) thrown at [./src/hotspot/share/interpreter/linkResolver.cpp, line 839]
Event: 56.437 Thread 0x0000028083620000 Exception <a 'java/lang/IncompatibleClassChangeError'{0x0000000089a16aa8}: Found class java.lang.Object, but interface was expected> (0x0000000089a16aa8) thrown at [./src/hotspot/share/interpreter/linkResolver.cpp, line 839]
Event: 56.528 Thread 0x0000028083620000 Exception <a 'java/lang/NoSuchMethodError'{0x000000008967c180}: 'void java.lang.invoke.DirectMethodHandle$Holder.invokeStatic(java.lang.Object, java.lang.Object, java.lang.Object, int)'> (0x000000008967c180) thrown at [./src/hotspot/share/interpreter/linkResolver.cpp, line 773]
Event: 56.531 Thread 0x0000028083620000 Exception <a 'java/lang/IncompatibleClassChangeError'{0x00000000896866d0}: Found class java.lang.Object, but interface was expected> (0x00000000896866d0) thrown at [./src/hotspot/share/interpreter/linkResolver.cpp, line 839]
Event: 56.686 Thread 0x0000028083620000 Exception <a 'java/lang/NoSuchMethodError'{0x0000000088d0b448}: 'int java.lang.invoke.DirectMethodHandle$Holder.invokeVirtual(java.lang.Object, java.lang.Object, java.lang.Object)'> (0x0000000088d0b448) thrown at [./src/hotspot/share/interpreter/linkResolver.cpp, line 773]
Event: 57.491 Thread 0x0000028083620000 Exception <a 'java/lang/NoSuchMethodError'{0x000000008a925b50}: 'java.lang.Object java.lang.invoke.DirectMethodHandle$Holder.invokeStatic(java.lang.Object, int, java.lang.Object, java.lang.Object)'> (0x000000008a925b50) thrown at [./src/hotspot/share/interpreter/linkResolver.cpp, line 773]
Event: 57.524 Thread 0x0000028083620000 Exception <a 'java/lang/NoSuchMethodError'{0x000000008a7c29f8}: 'java.lang.Object java.lang.invoke.Invokers$Holder.linkToTargetMethod(java.lang.Object, java.lang.Object, java.lang.Object, java.lang.Object, java.lang.Object, java.lang.Object, java.lang.Object, java.lang.Object)'> (0x000000008a7c29f8) thrown at [./src/hotspot/share/interpreter/linkResolver.cpp, line 773]
Event: 57.625 Thread 0x0000028083620000 Exception <a 'java/lang/NoSuchMethodError'{0x000000008a2dd380}: 'java.lang.Object java.lang.invoke.Invokers$Holder.linkToTargetMethod(java.lang.Object, java.lang.Object, java.lang.Object, java.lang.Object, java.lang.Object, java.lang.Object, java.lang.Object)'> (0x000000008a2dd380) thrown at [./src/hotspot/share/interpreter/linkResolver.cpp, line 773]
Event: 57.637 Thread 0x0000028083620000 Exception <a 'java/lang/NoSuchMethodError'{0x000000008a137fb0}: 'int java.lang.invoke.DirectMethodHandle$Holder.invokeSpecial(java.lang.Object, java.lang.Object, java.lang.Object, java.lang.Object, java.lang.Object)'> (0x000000008a137fb0) thrown at [./src/hotspot/share/interpreter/linkResolver.cpp, line 773]
Event: 57.864 Thread 0x0000028083620000 Exception <a 'java/lang/NoSuchMethodError'{0x00000000898e8ce8}: 'java.lang.Object java.lang.invoke.DirectMethodHandle$Holder.invokeVirtual(java.lang.Object, java.lang.Object, int, java.lang.Object)'> (0x00000000898e8ce8) thrown at [./src/hotspot/share/interpreter/linkResolver.cpp, line 773]
Event: 57.983 Thread 0x0000028083620000 Exception <a 'java/lang/NoSuchMethodError'{0x000000008becac10}: 'void java.lang.invoke.DirectMethodHandle$Holder.invokeVirtual(java.lang.Object, java.lang.Object, int, java.lang.Object)'> (0x000000008becac10) thrown at [./src/hotspot/share/interpreter/linkResolver.cpp, line 773]
Event: 59.704 Thread 0x0000028083620000 Implicit null exception at 0x00000280f29b1b90 to 0x00000280f29b1c9c

Events (20 events):
Event: 60.668 loading class com/android/tools/r8/internal/Ds
Event: 60.668 loading class com/android/tools/r8/internal/Ds done
Event: 60.681 Executing VM operation: ICBufferFull
Event: 60.731 Executing VM operation: ICBufferFull done
Event: 60.780 loading class com/android/tools/r8/code/t
Event: 60.780 loading class com/android/tools/r8/code/t done
Event: 60.783 loading class com/android/tools/r8/code/r
Event: 60.783 loading class com/android/tools/r8/code/r done
Event: 60.783 loading class com/android/tools/r8/code/v
Event: 60.783 loading class com/android/tools/r8/code/v done
Event: 60.785 loading class com/android/tools/r8/code/u
Event: 60.785 loading class com/android/tools/r8/code/u done
Event: 60.786 loading class com/android/tools/r8/code/w
Event: 60.786 loading class com/android/tools/r8/code/w done
Event: 60.786 loading class com/android/tools/r8/code/s
Event: 60.786 loading class com/android/tools/r8/code/s done
Event: 60.788 loading class com/android/tools/r8/code/N2
Event: 60.788 loading class com/android/tools/r8/code/N2 done
Event: 60.789 loading class com/android/tools/r8/code/L2
Event: 60.789 loading class com/android/tools/r8/code/L2 done


Dynamic libraries:
0x00007ff6bfcf0000 - 0x00007ff6bfcfa000 	C:\Program Files\Android\Android Studio1\jre\bin\java.exe
0x00007ff8775e0000 - 0x00007ff8777d0000 	C:\WINDOWS\SYSTEM32\ntdll.dll
0x00007ff875a70000 - 0x00007ff875b22000 	C:\WINDOWS\System32\KERNEL32.DLL
0x00007ff874ce0000 - 0x00007ff874f85000 	C:\WINDOWS\System32\KERNELBASE.dll
0x00007ff875340000 - 0x00007ff87543a000 	C:\WINDOWS\System32\ucrtbase.dll
0x00007ff85a240000 - 0x00007ff85a257000 	C:\Program Files\Android\Android Studio1\jre\bin\VCRUNTIME140.dll
0x00007ff85e7f0000 - 0x00007ff85e809000 	C:\Program Files\Android\Android Studio1\jre\bin\jli.dll
0x00007ff875850000 - 0x00007ff8759e4000 	C:\WINDOWS\System32\USER32.dll
0x00007ff8755e0000 - 0x00007ff875601000 	C:\WINDOWS\System32\win32u.dll
0x00007ff876500000 - 0x00007ff876526000 	C:\WINDOWS\System32\GDI32.dll
0x00007ff875440000 - 0x00007ff8755d6000 	C:\WINDOWS\System32\gdi32full.dll
0x00007ff8630f0000 - 0x00007ff863374000 	C:\WINDOWS\WinSxS\amd64_microsoft.windows.common-controls_6595b64144ccf1df_6.0.18362.1256_none_9e7e379be45e40e2\COMCTL32.dll
0x00007ff875150000 - 0x00007ff8751ee000 	C:\WINDOWS\System32\msvcp_win.dll
0x00007ff875b30000 - 0x00007ff875bce000 	C:\WINDOWS\System32\msvcrt.dll
0x00007ff876f40000 - 0x00007ff877276000 	C:\WINDOWS\System32\combase.dll
0x00007ff8762c0000 - 0x00007ff8763e0000 	C:\WINDOWS\System32\RPCRT4.dll
0x00007ff875010000 - 0x00007ff875091000 	C:\WINDOWS\System32\bcryptPrimitives.dll
0x00007ff877490000 - 0x00007ff8774be000 	C:\WINDOWS\System32\IMM32.DLL
0x00007ff858800000 - 0x00007ff85889d000 	C:\Program Files\Android\Android Studio1\jre\bin\msvcp140.dll
0x00007ff824550000 - 0x00007ff82501f000 	C:\Program Files\Android\Android Studio1\jre\bin\server\jvm.dll
0x00007ff876530000 - 0x00007ff8765d3000 	C:\WINDOWS\System32\ADVAPI32.dll
0x00007ff877390000 - 0x00007ff877427000 	C:\WINDOWS\System32\sechost.dll
0x00007ff876bb0000 - 0x00007ff876bb8000 	C:\WINDOWS\System32\PSAPI.DLL
0x00007ff8638d0000 - 0x00007ff8638d9000 	C:\WINDOWS\SYSTEM32\WSOCK32.dll
0x00007ff876490000 - 0x00007ff8764ff000 	C:\WINDOWS\System32\WS2_32.dll
0x00007ff872570000 - 0x00007ff872594000 	C:\WINDOWS\SYSTEM32\WINMM.dll
0x00007ff868df0000 - 0x00007ff868dfa000 	C:\WINDOWS\SYSTEM32\VERSION.dll
0x00007ff872540000 - 0x00007ff87256d000 	C:\WINDOWS\SYSTEM32\winmmbase.dll
0x00007ff875610000 - 0x00007ff87565a000 	C:\WINDOWS\System32\cfgmgr32.dll
0x00007ff874490000 - 0x00007ff8744a1000 	C:\WINDOWS\System32\kernel.appcore.dll
0x00007ff85e6b0000 - 0x00007ff85e6c1000 	C:\Program Files\Android\Android Studio1\jre\bin\verify.dll
0x00007ff8633c0000 - 0x00007ff8635b4000 	C:\WINDOWS\SYSTEM32\DBGHELP.DLL
0x00007ff863380000 - 0x00007ff8633aa000 	C:\WINDOWS\SYSTEM32\dbgcore.DLL
0x00007ff85a300000 - 0x00007ff85a329000 	C:\Program Files\Android\Android Studio1\jre\bin\java.dll
0x00007ff85cf30000 - 0x00007ff85cf3b000 	C:\Program Files\Android\Android Studio1\jre\bin\jimage.dll
0x00007ff859900000 - 0x00007ff859918000 	C:\Program Files\Android\Android Studio1\jre\bin\zip.dll
0x00007ff875bd0000 - 0x00007ff8762b7000 	C:\WINDOWS\System32\SHELL32.dll
0x00007ff8763e0000 - 0x00007ff876489000 	C:\WINDOWS\System32\shcore.dll
0x00007ff874550000 - 0x00007ff874cd1000 	C:\WINDOWS\System32\windows.storage.dll
0x00007ff8744b0000 - 0x00007ff8744d3000 	C:\WINDOWS\System32\profapi.dll
0x00007ff8744e0000 - 0x00007ff87452a000 	C:\WINDOWS\System32\powrprof.dll
0x00007ff874480000 - 0x00007ff874490000 	C:\WINDOWS\System32\UMPDC.dll
0x00007ff876ee0000 - 0x00007ff876f32000 	C:\WINDOWS\System32\shlwapi.dll
0x00007ff874ff0000 - 0x00007ff875007000 	C:\WINDOWS\System32\cryptsp.dll
0x00007ff8598e0000 - 0x00007ff8598fa000 	C:\Program Files\Android\Android Studio1\jre\bin\net.dll
0x00007ff868880000 - 0x00007ff868970000 	C:\WINDOWS\SYSTEM32\WINHTTP.dll
0x00007ff873c70000 - 0x00007ff873cd7000 	C:\WINDOWS\system32\mswsock.dll
0x00007ff8597a0000 - 0x00007ff8597b4000 	C:\Program Files\Android\Android Studio1\jre\bin\nio.dll
0x00007ff858a00000 - 0x00007ff858a27000 	C:\Users\Francis pc\.gradle\native\8bec1ad78214c89d9ad589b4d07fe93259594b29d510b10fafb7a158f7737e5d\windows-amd64\native-platform.dll
0x00007ff82d010000 - 0x00007ff82d14d000 	C:\Users\Francis pc\.gradle\native\53dbd7edfb1c66fb8903c78663c9afc45aea4f116125fa6feffd364cf09443e8\windows-amd64\native-platform-file-events.dll
0x00007ff85cb70000 - 0x00007ff85cb7a000 	C:\Program Files\Android\Android Studio1\jre\bin\management.dll
0x00007ff85b560000 - 0x00007ff85b56c000 	C:\Program Files\Android\Android Studio1\jre\bin\management_ext.dll
0x00007ff8737e0000 - 0x00007ff873813000 	C:\WINDOWS\system32\rsaenh.dll
0x00007ff875660000 - 0x00007ff875686000 	C:\WINDOWS\System32\bcrypt.dll
0x00007ff8743a0000 - 0x00007ff8743c5000 	C:\WINDOWS\SYSTEM32\USERENV.dll
0x00007ff873e40000 - 0x00007ff873e4c000 	C:\WINDOWS\SYSTEM32\CRYPTBASE.dll
0x00007ff873980000 - 0x00007ff8739ba000 	C:\WINDOWS\SYSTEM32\IPHLPAPI.DLL
0x00007ff8774c0000 - 0x00007ff8774c8000 	C:\WINDOWS\System32\NSI.dll
0x00007ff86ab60000 - 0x00007ff86ab76000 	C:\WINDOWS\SYSTEM32\dhcpcsvc6.DLL
0x00007ff86ac30000 - 0x00007ff86ac4c000 	C:\WINDOWS\SYSTEM32\dhcpcsvc.DLL
0x00007ff8739c0000 - 0x00007ff873a8b000 	C:\WINDOWS\SYSTEM32\DNSAPI.dll
0x00007ff82a3e0000 - 0x00007ff82a584000 	C:\Program Files\Android\Android Studio1\jre\bin\awt.dll
0x00007ff8774d0000 - 0x00007ff877595000 	C:\WINDOWS\System32\OLEAUT32.dll
0x00007ff872bf0000 - 0x00007ff872c1d000 	C:\WINDOWS\SYSTEM32\dwmapi.dll
0x00007ff8724b0000 - 0x00007ff87253f000 	C:\WINDOWS\SYSTEM32\apphelp.dll
0x00007ff8727a0000 - 0x00007ff872839000 	C:\WINDOWS\system32\uxtheme.dll

dbghelp: loaded successfully - version: 4.0.5 - missing functions: none
symbol engine: initialized successfully - sym options: 0x614 - pdb path: .;C:\Program Files\Android\Android Studio1\jre\bin;C:\WINDOWS\SYSTEM32;C:\WINDOWS\WinSxS\amd64_microsoft.windows.common-controls_6595b64144ccf1df_6.0.18362.1256_none_9e7e379be45e40e2;C:\Program Files\Android\Android Studio1\jre\bin\server;C:\Users\Francis pc\.gradle\native\8bec1ad78214c89d9ad589b4d07fe93259594b29d510b10fafb7a158f7737e5d\windows-amd64;C:\Users\Francis pc\.gradle\native\53dbd7edfb1c66fb8903c78663c9afc45aea4f116125fa6feffd364cf09443e8\windows-amd64

VM Arguments:
jvm_args: --add-opens=java.base/java.util=ALL-UNNAMED --add-opens=java.base/java.lang=ALL-UNNAMED --add-opens=java.base/java.lang.invoke=ALL-UNNAMED --add-opens=java.base/java.util=ALL-UNNAMED --add-opens=java.prefs/java.util.prefs=ALL-UNNAMED --add-opens=java.prefs/java.util.prefs=ALL-UNNAMED --add-opens=java.base/java.nio.charset=ALL-UNNAMED --add-opens=java.base/java.net=ALL-UNNAMED --add-opens=java.base/java.util.concurrent.atomic=ALL-UNNAMED -Xmx2048m -Dfile.encoding=UTF-8 -Duser.country=US -Duser.language=en -Duser.variant 
java_command: org.gradle.launcher.daemon.bootstrap.GradleDaemon 7.0.2
java_class_path (initial): C:\Users\Francis pc\.gradle\wrapper\dists\gradle-7.0.2-bin\857tjihv64xamwrf0h14cai3r\gradle-7.0.2\lib\gradle-launcher-7.0.2.jar
Launcher Type: SUN_STANDARD

[Global flags]
     intx CICompilerCount                          = 3                                         {product} {ergonomic}
     uint ConcGCThreads                            = 1                                         {product} {ergonomic}
     uint G1ConcRefinementThreads                  = 4                                         {product} {ergonomic}
   size_t G1HeapRegionSize                         = 1048576                                   {product} {ergonomic}
    uintx GCDrainStackTargetSize                   = 64                                        {product} {ergonomic}
   size_t InitialHeapSize                          = 201326592                                 {product} {ergonomic}
   size_t MarkStackSize                            = 4194304                                   {product} {ergonomic}
   size_t MaxHeapSize                              = 2147483648                                {product} {command line}
   size_t MaxNewSize                               = 1287651328                                {product} {ergonomic}
   size_t MinHeapDeltaBytes                        = 1048576                                   {product} {ergonomic}
    uintx NonNMethodCodeHeapSize                   = 5830732                                {pd product} {ergonomic}
    uintx NonProfiledCodeHeapSize                  = 122913754                              {pd product} {ergonomic}
    uintx ProfiledCodeHeapSize                     = 122913754                              {pd product} {ergonomic}
    uintx ReservedCodeCacheSize                    = 251658240                              {pd product} {ergonomic}
     bool SegmentedCodeCache                       = true                                      {product} {ergonomic}
     bool UseCompressedClassPointers               = true                                 {lp64_product} {ergonomic}
     bool UseCompressedOops                        = true                                 {lp64_product} {ergonomic}
     bool UseG1GC                                  = true                                      {product} {ergonomic}
     bool UseLargePagesIndividualAllocation        = false                                  {pd product} {ergonomic}

Logging:
Log output configuration:
 #0: stdout all=warning uptime,level,tags
 #1: stderr all=off uptime,level,tags

Environment Variables:
PATH=C:\Program Files (x86)\Common Files\Oracle\Java\javapath;C:\ProgramData\Oracle\Java\javapath;C:\WINDOWS\system32;C:\WINDOWS;C:\WINDOWS\System32\Wbem;C:\WINDOWS\System32\WindowsPowerShell\v1.0\;C:\WINDOWS\System32\OpenSSH\;C:\Python27;C:\Program Files\PuTTY\;C:\Program Files\dotnet\;C:\Program Files\MongoDB\Server\4.2\bin;C:\Python27\Scripts\;C:\Program Files (x86)\Yarn\bin\;C:\Program Files\Microsoft SQL Server\130\Tools\Binn\;C:\Program Files\Microsoft SQL Server\Client SDK\ODBC\170\Tools\Binn\;C:\Program Files (x86)\Microsoft SQL Server\150\Tools\Binn\;C:\Program Files\Microsoft SQL Server\150\Tools\Binn\;C:\Program Files\Microsoft SQL Server\150\DTS\Binn\;C:\Program Files (x86)\Microsoft SQL Server\150\DTS\Binn\;C:\Program Files\Microsoft\Web Platform Installer\;C:\Program Files\Git\cmd;C:\Program Files\nodejs\;C:\opencv\opencv\build\x64\vc15\bin;C:\Users\Francis pc\AppData\Local\Microsoft\WindowsApps;C:\Users\Francis pc\AppData\Local\Programs\Microsoft VS Code\bin;C:\Program Files\heroku\bin;C:\Users\Francis pc\AppData\Local\Yarn\bin;C:\Users\Francis pc\.dotnet\tools;C:\Users\Francis pc\AppData\Roaming\npm;E:\Mark\flutter_windows_v0.6.0-beta\flutter\bin;C:\Users\Francis pc\AppData\Local\GitHubDesktop\bin
USERNAME=Francis pc
OS=Windows_NT
PROCESSOR_IDENTIFIER=Intel64 Family 6 Model 61 Stepping 4, GenuineIntel



---------------  S Y S T E M  ---------------

OS: Windows 10 , 64 bit Build 18362 (10.0.18362.1110)
OS uptime: 3 days 9:19 hours

CPU:total 4 (initial active 4) (2 cores per cpu, 2 threads per core) family 6 model 61 stepping 4 microcode 0x2b, cmov, cx8, fxsr, mmx, sse, sse2, sse3, ssse3, sse4.1, sse4.2, popcnt, avx, avx2, aes, clmul, erms, 3dnowpref, lzcnt, ht, tsc, tscinvbit, bmi1, bmi2, adx, fma

Memory: 4k page, system-wide physical 12208M (4165M free)
TotalPageFile size 43461M (AvailPageFile size 6M)
current process WorkingSet (physical memory assigned to process): 512M, peak: 512M
current process commit charge ("private bytes"): 545M, peak: 546M

vm_info: OpenJDK 64-Bit Server VM (11.0.10+0-b96-7249189) for windows-amd64 JRE (11.0.10+0-b96-7249189), built on Mar 31 2021 21:44:00 by "builder" with MS VC++ 14.0 (VS2015)

END.
